Cloud/MyApplication/app/build/intermediates/manifest_merge_blame_file/debug/manifest-merger-blame-debug-report.txt
1<?xml version="1.0" encoding="utf-8"?>
2<manifest xmlns:android="http://schemas.android.com/apk/res/android"
3    package="com.example.myapplication"
4    android:versionCode="1"
5    android:versionName="1.0" >
6
7    <uses-sdk
8        android:minSdkVersion="23"
8-->src\main\AndroidManifest.xml
9        android:targetSdkVersion="30" />
9-->src\main\AndroidManifest.xml
10
11    <uses-permission android:name="android.permission.INTERNET" />
11-->src\main\AndroidManifest.xml:5:5-67
11-->src\main\AndroidManifest.xml:5:22-64
12    <uses-permission android:name="android.permission.ACCESS_NETWORK_STATE" />
12-->src\main\AndroidManifest.xml:6:5-79
12-->src\main\AndroidManifest.xml:6:22-76
13    <uses-permission android:name="android.permission.ACCESS_WIFI_STATE" />
13-->[com.amazonaws:aws-android-sdk-auth-userpools:2.8.5] AndroidManifest.xml:6:5-75
13-->[com.amazonaws:aws-android-sdk-auth-userpools:2.8.5] AndroidManifest.xml:6:22-73
14
15    <application
15-->src\main\AndroidManifest.xml:8:5-24:19
16        android:allowBackup="true"
16-->src\main\AndroidManifest.xml:9:9-35
17        android:appComponentFactory="androidx.core.app.CoreComponentFactory"
17-->[androidx.core:core:1.3.1] AndroidManifest.xml:24:18-86
18        android:debuggable="true"
19        android:extractNativeLibs="false"
20        android:icon="@mipmap/ic_launcher"
20-->src\main\AndroidManifest.xml:10:9-43
21        android:label="@string/app_name"
21-->src\main\AndroidManifest.xml:11:9-41
22        android:roundIcon="@mipmap/ic_launcher_round"
22-->src\main\AndroidManifest.xml:12:9-54
23        android:supportsRtl="true"
23-->src\main\AndroidManifest.xml:13:9-35
24        android:testOnly="true"
25        android:theme="@style/Theme.MyApplication" >
25-->src\main\AndroidManifest.xml:14:9-51
26        <activity android:name="com.example.myapplication.MainActivity" />
26-->src\main\AndroidManifest.xml:15:9-59
26-->src\main\AndroidManifest.xml:15:19-47
27        <activity
27-->src\main\AndroidManifest.xml:16:9-23:20
28            android:name="com.example.myapplication.AuthActivity"
28-->src\main\AndroidManifest.xml:16:19-47
29            android:noHistory="true" >
29-->src\main\AndroidManifest.xml:17:17-41
30            <intent-filter>
30-->src\main\AndroidManifest.xml:18:9-22:25
31                <action android:name="android.intent.action.MAIN" />
31-->src\main\AndroidManifest.xml:19:13-65
31-->src\main\AndroidManifest.xml:19:21-62
32
33                <category android:name="android.intent.category.LAUNCHER" />
33-->src\main\AndroidManifest.xml:21:13-73
33-->src\main\AndroidManifest.xml:21:23-70
34            </intent-filter>
35        </activity>
36        <activity
36-->[com.amazonaws:aws-android-sdk-auth-userpools:2.8.5] AndroidManifest.xml:9:10-269
37            android:name="com.amazonaws.mobile.auth.userpools.ForceChangePasswordActivity"
37-->[com.amazonaws:aws-android-sdk-auth-userpools:2.8.5] AndroidManifest.xml:9:152-230
38            android:configChanges="keyboard|keyboardHidden|orientation|screenSize"
38-->[com.amazonaws:aws-android-sdk-auth-userpools:2.8.5] AndroidManifest.xml:9:20-90
39            android:label="@string/title_activity_force_change_password"
39-->[com.amazonaws:aws-android-sdk-auth-userpools:2.8.5] AndroidManifest.xml:9:91-151
40            android:screenOrientation="portrait" />
40-->[com.amazonaws:aws-android-sdk-auth-userpools:2.8.5] AndroidManifest.xml:9:231-267
41        <activity
41-->[com.amazonaws:aws-android-sdk-auth-userpools:2.8.5] AndroidManifest.xml:10:10-258
42            android:name="com.amazonaws.mobile.auth.userpools.ForgotPasswordActivity"
42-->[com.amazonaws:aws-android-sdk-auth-userpools:2.8.5] AndroidManifest.xml:10:146-219
43            android:configChanges="keyboard|keyboardHidden|orientation|screenSize"
43-->[com.amazonaws:aws-android-sdk-auth-userpools:2.8.5] AndroidManifest.xml:10:20-90
44            android:label="@string/title_activity_forgot_password"
44-->[com.amazonaws:aws-android-sdk-auth-userpools:2.8.5] AndroidManifest.xml:10:91-145
45            android:screenOrientation="portrait" />
45-->[com.amazonaws:aws-android-sdk-auth-userpools:2.8.5] AndroidManifest.xml:10:220-256
46        <activity
46-->[com.amazonaws:aws-android-sdk-auth-userpools:2.8.5] AndroidManifest.xml:11:10-242
47            android:name="com.amazonaws.mobile.auth.userpools.SignUpActivity"
47-->[com.amazonaws:aws-android-sdk-auth-userpools:2.8.5] AndroidManifest.xml:11:138-203
48            android:configChanges="keyboard|keyboardHidden|orientation|screenSize"
48-->[com.amazonaws:aws-android-sdk-auth-userpools:2.8.5] AndroidManifest.xml:11:20-90
49            android:label="@string/title_activity_sign_up"
49-->[com.amazonaws:aws-android-sdk-auth-userpools:2.8.5] AndroidManifest.xml:11:91-137
50            android:screenOrientation="portrait" />
50-->[com.amazonaws:aws-android-sdk-auth-userpools:2.8.5] AndroidManifest.xml:11:204-240
51        <activity
51-->[com.amazonaws:aws-android-sdk-auth-userpools:2.8.5] AndroidManifest.xml:13:10-235
52            android:name="com.amazonaws.mobile.auth.userpools.MFAActivity"
52-->[com.amazonaws:aws-android-sdk-auth-userpools:2.8.5] AndroidManifest.xml:13:134-196
53            android:configChanges="keyboard|keyboardHidden|orientation|screenSize"
53-->[com.amazonaws:aws-android-sdk-auth-userpools:2.8.5] AndroidManifest.xml:13:20-90
54            android:label="@string/title_activity_mfa"
54-->[com.amazonaws:aws-android-sdk-auth-userpools:2.8.5] AndroidManifest.xml:13:91-133
55            android:screenOrientation="portrait" />
55-->[com.amazonaws:aws-android-sdk-auth-userpools:2.8.5] AndroidManifest.xml:13:197-233
56        <activity
56-->[com.amazonaws:aws-android-sdk-auth-userpools:2.8.5] AndroidManifest.xml:15:10-257
57            android:name="com.amazonaws.mobile.auth.userpools.SignUpConfirmActivity"
57-->[com.amazonaws:aws-android-sdk-auth-userpools:2.8.5] AndroidManifest.xml:15:146-218
58            android:configChanges="keyboard|keyboardHidden|orientation|screenSize"
58-->[com.amazonaws:aws-android-sdk-auth-userpools:2.8.5] AndroidManifest.xml:15:20-90
59            android:label="@string/title_activity_sign_up_confirm"
59-->[com.amazonaws:aws-android-sdk-auth-userpools:2.8.5] AndroidManifest.xml:15:91-145
60            android:screenOrientation="portrait" />
60-->[com.amazonaws:aws-android-sdk-auth-userpools:2.8.5] AndroidManifest.xml:15:219-255
61        <activity
61-->[com.amazonaws:aws-android-sdk-auth-ui:2.8.5] AndroidManifest.xml:8:9-234
62            android:name="com.amazonaws.mobile.auth.ui.SignInActivity"
62-->[com.amazonaws:aws-android-sdk-auth-ui:2.8.5] AndroidManifest.xml:8:137-195
63            android:configChanges="keyboard|keyboardHidden|orientation|screenSize"
63-->[com.amazonaws:aws-android-sdk-auth-ui:2.8.5] AndroidManifest.xml:8:19-89
64            android:label="@string/title_activity_sign_in"
64-->[com.amazonaws:aws-android-sdk-auth-ui:2.8.5] AndroidManifest.xml:8:90-136
65            android:screenOrientation="portrait" />
65-->[com.amazonaws:aws-android-sdk-auth-ui:2.8.5] AndroidManifest.xml:8:196-232
66    </application>
67
68</manifest>